<?xml version="1.0" encoding="UTF-8"?>
<!-- Generated by org.testng.reporters.JUnitReportReporter -->
<testsuite hostname="DESKTOP-HJ1DTFA" failures="0" tests="1" name="serialParallelExecution.MyTest1" time="18.943" errors="0" timestamp="2023-01-06T10:50:44 IST" skipped="0">
  <testcase classname="serialParallelExecution.MyTest1" name="google" time="18.943"/>
  <system-out/>
</testsuite> <!-- serialParallelExecution.MyTest1 -->
