<?xml version="1.0" encoding="UTF-8"?>
<!-- Generated by org.testng.reporters.JUnitReportReporter -->
<testsuite hostname="DESKTOP-HJ1DTFA" failures="0" tests="3" name="testNGKeyWords.MultipleKeywords" time="0.085" errors="0" timestamp="2022-12-26T22:57:51 IST" skipped="0">
  <testcase classname="testNGKeyWords.MultipleKeywords" name="a" time="0.029"/>
  <system-out>
    <![CDATA[A is running]]>
  </system-out>
  <testcase classname="testNGKeyWords.MultipleKeywords" name="c" time="0.053"/>
  <system-out>
    <![CDATA[C is running]]>
  </system-out>
  <testcase classname="testNGKeyWords.MultipleKeywords" name="b" time="0.003"/>
  <system-out>
    <![CDATA[B is running]]>
  </system-out>
</testsuite> <!-- testNGKeyWords.MultipleKeywords -->
