<?xml version="1.0" encoding="UTF-8"?>
<!-- Generated by org.testng.reporters.JUnitReportReporter -->
<testsuite hostname="DESKTOP-HJ1DTFA" failures="0" tests="1" name="verificationUsingTestNG.RadioButtonValidations" time="18.571" errors="0" timestamp="2023-01-10T18:00:19 IST" skipped="0">
  <testcase classname="verificationUsingTestNG.RadioButtonValidations" name="validateRadioButtonStatus" time="18.571"/>
  <system-out/>
</testsuite> <!-- verificationUsingTestNG.RadioButtonValidations -->
