<?xml version="1.0" encoding="UTF-8"?>
<!-- Generated by org.testng.reporters.JUnitReportReporter -->
<testsuite hostname="DESKTOP-HJ1DTFA" failures="0" tests="1" name="testNGStudy.NewStoxSample2" time="15.050" errors="0" timestamp="2022-12-27T13:09:42 IST" skipped="0">
  <testcase classname="testNGStudy.NewStoxSample2" name="NeoStoxLaunch" time="15.050"/>
  <system-out>
    <![CDATA[Hi this is reporter]]>
  </system-out>
</testsuite> <!-- testNGStudy.NewStoxSample2 -->
