<?xml version="1.0" encoding="UTF-8"?>
<!-- Generated by org.testng.reporters.JUnitReportReporter -->
<testsuite hostname="DESKTOP-HJ1DTFA" failures="0" tests="1" name="cbTesting.GeckoTesting" time="22.520" errors="0" timestamp="2023-01-15T18:10:35 IST" skipped="0">
  <testcase classname="cbTesting.GeckoTesting" name="fireFoxTesting" time="22.520"/>
  <system-out/>
</testsuite> <!-- cbTesting.GeckoTesting -->
