<?xml version="1.0" encoding="UTF-8"?>
<!-- Generated by org.testng.reporters.JUnitReportReporter -->
<testsuite hostname="DESKTOP-HJ1DTFA" failures="0" tests="1" name="testNGStudy.NeostoxSampleClass" time="109.379" errors="0" timestamp="2022-12-27T15:17:34 IST" skipped="0">
  <testcase classname="testNGStudy.NeostoxSampleClass" name="sample" time="109.379"/>
  <system-out/>
</testsuite> <!-- testNGStudy.NeostoxSampleClass -->
