<?xml version="1.0" encoding="UTF-8"?>
<!-- Generated by org.testng.reporters.JUnitReportReporter -->
<testsuite hostname="DESKTOP-HJ1DTFA" failures="0" tests="2" name="testNGAnnotations.BeforeClassUse" time="0.029" errors="0" timestamp="2023-01-15T14:41:33 IST" skipped="0">
  <testcase classname="testNGAnnotations.BeforeClassUse" name="TC2" time="0.008"/>
  <system-out>
    <![CDATA[TC2 is running]]>
  </system-out>
  <testcase classname="testNGAnnotations.BeforeClassUse" name="TC1" time="0.021"/>
  <system-out>
    <![CDATA[TC1 is running]]>
  </system-out>
</testsuite> <!-- testNGAnnotations.BeforeClassUse -->
