<?xml version="1.0" encoding="UTF-8"?>
<!-- Generated by org.testng.reporters.JUnitReportReporter -->
<testsuite hostname="DESKTOP-HJ1DTFA" failures="0" tests="1" name="testNGKeyWords.TimeOut" time="1.043" errors="0" timestamp="2022-12-26T22:39:17 IST" skipped="0">
  <testcase classname="testNGKeyWords.TimeOut" name="testing" time="1.043"/>
  <system-out>
    <![CDATA[TC testing is running]]>
  </system-out>
</testsuite> <!-- testNGKeyWords.TimeOut -->
