<?xml version="1.0" encoding="UTF-8"?>
<!-- Generated by org.testng.reporters.JUnitReportReporter -->
<testsuite hostname="DESKTOP-HJ1DTFA" failures="0" tests="3" name="testNGStudy.KeywordEnabled" time="0.030" errors="0" timestamp="2022-12-27T17:13:53 IST" skipped="1">
  <testcase classname="testNGStudy.KeywordEnabled" name="TC1" time="0.023"/>
  <system-out>
    <![CDATA[Running TC1]]>
  </system-out>
  <testcase classname="testNGStudy.KeywordEnabled" name="TC3" time="0.007"/>
  <system-out>
    <![CDATA[Running TC3]]>
  </system-out>
  <testcase classname="testNGStudy.KeywordEnabled" name="TC2">
    <skipped/>
  </testcase> <!-- TC2 -->
  <system-out/>
</testsuite> <!-- testNGStudy.KeywordEnabled -->
