<?xml version="1.0" encoding="UTF-8"?>
<!-- Generated by org.testng.reporters.JUnitReportReporter -->
<testsuite hostname="DESKTOP-HJ1DTFA" failures="0" tests="3" name="testNGxmlStudy.NeoStox4" time="0.013" errors="0" timestamp="2023-01-05T10:33:40 IST" skipped="0">
  <testcase classname="testNGxmlStudy.NeoStox4" name="g" time="0.004"/>
  <system-out>
    <![CDATA[TC g is running]]>
  </system-out>
  <testcase classname="testNGxmlStudy.NeoStox4" name="i" time="0.005"/>
  <system-out>
    <![CDATA[TC i is running]]>
  </system-out>
  <testcase classname="testNGxmlStudy.NeoStox4" name="f" time="0.004"/>
  <system-out>
    <![CDATA[TC f is running]]>
  </system-out>
</testsuite> <!-- testNGxmlStudy.NeoStox4 -->
