<?xml version="1.0" encoding="UTF-8"?>
<!-- Generated by org.testng.reporters.JUnitReportReporter -->
<testsuite hostname="DESKTOP-HJ1DTFA" failures="0" tests="3" name="testNGStudy.KeywordPriority1" time="0.032" errors="0" timestamp="2022-12-27T17:11:59 IST" skipped="0">
  <testcase classname="testNGStudy.KeywordPriority1" name="C" time="0.024"/>
  <system-out>
    <![CDATA[C is running]]>
  </system-out>
  <testcase classname="testNGStudy.KeywordPriority1" name="B" time="0.006"/>
  <system-out>
    <![CDATA[B is running]]>
  </system-out>
  <testcase classname="testNGStudy.KeywordPriority1" name="A" time="0.002"/>
  <system-out>
    <![CDATA[A is running]]>
  </system-out>
</testsuite> <!-- testNGStudy.KeywordPriority1 -->
