<?xml version="1.0" encoding="UTF-8"?>
<!-- Generated by org.testng.reporters.JUnitReportReporter -->
<testsuite hostname="DESKTOP-HJ1DTFA" failures="0" tests="1" name="serialParallelExecution.NewTest2" time="10.677" errors="0" timestamp="2023-01-04T18:26:45 IST" skipped="0">
  <testcase classname="serialParallelExecution.NewTest2" name="fb" time="10.677"/>
  <system-out/>
</testsuite> <!-- serialParallelExecution.NewTest2 -->
