<?xml version="1.0" encoding="UTF-8"?>
<!-- Generated by org.testng.reporters.JUnitReportReporter -->
<testsuite hostname="DESKTOP-HJ1DTFA" failures="0" tests="5" name="testNGStudy.KeyWordInvocationCount" time="0.053" errors="0" timestamp="2022-12-27T16:08:40 IST" skipped="0">
  <testcase classname="testNGStudy.KeyWordInvocationCount" name="TC1" time="0.016"/>
  <system-out>
    <![CDATA[TC1 Running]]>
  </system-out>
  <testcase classname="testNGStudy.KeyWordInvocationCount" name="TC1" time="0.014"/>
  <system-out>
    <![CDATA[TC1 Running]]>
  </system-out>
  <testcase classname="testNGStudy.KeyWordInvocationCount" name="TC1" time="0.011"/>
  <system-out>
    <![CDATA[TC1 Running]]>
  </system-out>
  <testcase classname="testNGStudy.KeyWordInvocationCount" name="TC1" time="0.006"/>
  <system-out>
    <![CDATA[TC1 Running]]>
  </system-out>
  <testcase classname="testNGStudy.KeyWordInvocationCount" name="TC1" time="0.006"/>
  <system-out>
    <![CDATA[TC1 Running]]>
  </system-out>
</testsuite> <!-- testNGStudy.KeyWordInvocationCount -->
