<?xml version="1.0" encoding="UTF-8"?>
<!-- Generated by org.testng.reporters.JUnitReportReporter -->
<testsuite hostname="DESKTOP-HJ1DTFA" failures="0" tests="3" name="testNGxmlStudy.NeoStox2" time="0.031" errors="0" timestamp="2023-01-05T09:37:44 IST" skipped="0">
  <testcase classname="testNGxmlStudy.NeoStox2" name="f" time="0.015"/>
  <system-out>
    <![CDATA[TC f is running]]>
  </system-out>
  <testcase classname="testNGxmlStudy.NeoStox2" name="j" time="0.009"/>
  <system-out>
    <![CDATA[TC j is running]]>
  </system-out>
  <testcase classname="testNGxmlStudy.NeoStox2" name="g" time="0.007"/>
  <system-out>
    <![CDATA[TC g is running]]>
  </system-out>
</testsuite> <!-- testNGxmlStudy.NeoStox2 -->
