<?xml version="1.0" encoding="UTF-8"?>
<!-- Generated by org.testng.reporters.JUnitReportReporter -->
<testsuite hostname="DESKTOP-HJ1DTFA" failures="0" tests="1" name="serialParallelExecution.MyTest2" time="18.463" errors="0" timestamp="2023-01-06T10:50:44 IST" skipped="0">
  <testcase classname="serialParallelExecution.MyTest2" name="fb" time="18.463"/>
  <system-out/>
</testsuite> <!-- serialParallelExecution.MyTest2 -->
