<?xml version="1.0" encoding="UTF-8"?>
<!-- Generated by org.testng.reporters.JUnitReportReporter -->
<testsuite hostname="DESKTOP-HJ1DTFA" failures="0" tests="3" name="testNGStudy.KeywordPriority" time="0.029" errors="0" timestamp="2022-12-27T17:07:14 IST" skipped="0">
  <testcase classname="testNGStudy.KeywordPriority" name="C" time="0.003"/>
  <system-out>
    <![CDATA[C is running]]>
  </system-out>
  <testcase classname="testNGStudy.KeywordPriority" name="A" time="0.021"/>
  <system-out>
    <![CDATA[A is running]]>
  </system-out>
  <testcase classname="testNGStudy.KeywordPriority" name="B" time="0.005"/>
  <system-out>
    <![CDATA[B is running]]>
  </system-out>
</testsuite> <!-- testNGStudy.KeywordPriority -->
