<?xml version="1.0" encoding="UTF-8"?>
<!-- Generated by org.testng.reporters.JUnitReportReporter -->
<testsuite hostname="DESKTOP-HJ1DTFA" failures="0" tests="2" name="testNGxmlStudy.NeoStox3" time="0.027" errors="0" timestamp="2023-01-05T10:33:40 IST" skipped="0">
  <testcase classname="testNGxmlStudy.NeoStox3" name="b" time="0.023"/>
  <system-out>
    <![CDATA[TC b is running ]]>
  </system-out>
  <testcase classname="testNGxmlStudy.NeoStox3" name="e" time="0.004"/>
  <system-out>
    <![CDATA[TC e is running ]]>
  </system-out>
</testsuite> <!-- testNGxmlStudy.NeoStox3 -->
