<?xml version="1.0" encoding="UTF-8"?>
<!-- Generated by org.testng.reporters.JUnitReportReporter -->
<testsuite hostname="DESKTOP-HJ1DTFA" failures="0" tests="1" name="verificationUsingTestNG.RadioButtonValidation" time="18.977" errors="0" timestamp="2023-01-10T17:58:57 IST" skipped="0">
  <testcase classname="verificationUsingTestNG.RadioButtonValidation" name="validateRadioButtonStatus" time="18.977"/>
  <system-out/>
</testsuite> <!-- verificationUsingTestNG.RadioButtonValidation -->
