<?xml version="1.0" encoding="UTF-8"?>
<!-- Generated by org.testng.reporters.JUnitReportReporter -->
<testsuite hostname="DESKTOP-HJ1DTFA" failures="0" tests="2" name="testNGxmlStudy.NeoStox1" time="0.041" errors="0" timestamp="2023-01-05T09:37:44 IST" skipped="0">
  <testcase classname="testNGxmlStudy.NeoStox1" name="a" time="0.021"/>
  <system-out>
    <![CDATA[TC a is running]]>
  </system-out>
  <testcase classname="testNGxmlStudy.NeoStox1" name="b" time="0.020"/>
  <system-out>
    <![CDATA[TC b is running]]>
  </system-out>
</testsuite> <!-- testNGxmlStudy.NeoStox1 -->
