<?xml version="1.0" encoding="UTF-8"?>
<!-- Generated by org.testng.reporters.JUnitReportReporter -->
<testsuite hostname="DESKTOP-HJ1DTFA" failures="0" tests="2" name="testNGStudy.NeoStoxSample2" time="19.932" errors="0" timestamp="2022-12-27T15:17:34 IST" skipped="0">
  <testcase classname="testNGStudy.NeoStoxSample2" name="NeoStoxLaunch" time="7.626"/>
  <system-out>
    <![CDATA[Hi this is reporter
Hi this is reporter-->console]]>
  </system-out>
  <testcase classname="testNGStudy.NeoStoxSample2" name="upStoxLaunch" time="12.306"/>
  <system-out>
    <![CDATA[Hi this is reporter
Hi this is reporter-->console]]>
  </system-out>
</testsuite> <!-- testNGStudy.NeoStoxSample2 -->
