<?xml version="1.0" encoding="UTF-8"?>
<!-- Generated by org.testng.reporters.JUnitReportReporter -->
<testsuite hostname="DESKTOP-HJ1DTFA" failures="0" tests="4" name="testNGKeyWords.Priority" time="0.042" errors="0" timestamp="2023-01-15T14:53:29 IST" skipped="0">
  <testcase classname="testNGKeyWords.Priority" name="b" time="0.021"/>
  <system-out>
    <![CDATA[TC b is running]]>
  </system-out>
  <testcase classname="testNGKeyWords.Priority" name="c" time="0.007"/>
  <system-out>
    <![CDATA[TC c is running]]>
  </system-out>
  <testcase classname="testNGKeyWords.Priority" name="d" time="0.008"/>
  <system-out>
    <![CDATA[TC d is running]]>
  </system-out>
  <testcase classname="testNGKeyWords.Priority" name="a" time="0.006"/>
  <system-out>
    <![CDATA[TC a is running]]>
  </system-out>
</testsuite> <!-- testNGKeyWords.Priority -->
